<?xml version="1.0" encoding="UTF-8"?>
<testsuite xmlns:xsi="http://www.w3.org/2001/XMLSchema-instance" xsi:noNamespaceSchemaLocation="https://maven.apache.org/surefire/maven-surefire-plugin/xsd/surefire-test-report-3.0.xsd" version="3.0" name="lab1.JPATest" time="0.403" tests="3" errors="0" skipped="0" failures="0">
  <properties>
[...]
</properties>
  <testcase name="persistSingleBuddy" classname="lab1.JPATest" time="0.065">
    <system-out><![CDATA[[EL Info]: 2025-09-15 13:41:46.887--ServerSession(1574509514)--EclipseLink, version: Eclipse Persistence Services - 4.0.3.v202405220658
[EL Info]: connection: 2025-09-15 13:41:46.892--Not able to detect platform for vendor name [SQLite[3.45.3, 3]]. Defaulting to [org.eclipse.persistence.platform.database.DatabasePlatform]. The database dialect used may not match with the database you are using. Please explicitly provide a platform using property "eclipselink.target-database".
[EL Warning]: 2025-09-15 13:41:46.922--ServerSession(1574509514)--Exception [EclipseLink-4002] (Eclipse Persistence Services - 4.0.3.v202405220658): org.eclipse.persistence.exceptions.DatabaseException
Internal Exception: org.sqlite.SQLiteException: [SQLITE_ERROR] SQL error or missing database (near "CONSTRAINT": syntax error)
Error Code: 1
Call: ALTER TABLE buddy_info ADD CONSTRAINT FK_buddy_info_addressbook_id FOREIGN KEY (addressbook_id) REFERENCES address_book (ID)
Query: DataModifyQuery(sql="ALTER TABLE buddy_info ADD CONSTRAINT FK_buddy_info_addressbook_id FOREIGN KEY (addressbook_id) REFERENCES address_book (ID)")
]]></system-out>
  </testcase>
  <testcase name="queryPersistedBuddy" classname="lab1.JPATest" time="0.294"/>
  <testcase name="cleanupInsertedBuddy" classname="lab1.JPATest" time="0.019"/>
</testsuite>